c:\users\22520\desktop\天行杯文件\1012\1012\aipilot_teamname\aipilot_teamname\aipilot\debug\aipilot_teamname.lib
c:\users\22520\desktop\天行杯文件\1012\1012\aipilot_teamname\aipilot_teamname\aipilot\debug\aipilot_teamname.exp
d:\files\git\项目经历\战斗机\1012\aipilot_teamname\aipilot_teamname\aipilot\debug\aipilot_teamname.lib
d:\files\git\项目经历\战斗机\1012\aipilot_teamname\aipilot_teamname\aipilot\debug\aipilot_teamname.exp
c:\users\22520\desktop\天行杯文件\1012\1012\aipilot_teamname\aipilot_teamname\aipilot\debug\vc141.pdb
c:\users\22520\desktop\天行杯文件\1012\1012\aipilot_teamname\aipilot_teamname\aipilot\debug\vc141.idb
c:\users\22520\desktop\天行杯文件\1012\1012\aipilot_teamname\aipilot_teamname\aipilot\debug\aipilot_xxx.obj
c:\users\22520\desktop\天行杯文件\1012\1012\aipilot_teamname\aipilot_teamname\aipilot\debug\createandrelease.obj
d:\files\git\项目经历\战斗机\1012\aipilot_teamname\aipilot_teamname\aipilot\debug\vc141.pdb
d:\files\git\项目经历\战斗机\1012\aipilot_teamname\aipilot_teamname\aipilot\debug\vc141.idb
d:\files\git\项目经历\战斗机\1012\aipilot_teamname\aipilot_teamname\aipilot\debug\aipilot_xxx.obj
d:\files\git\项目经历\战斗机\1012\aipilot_teamname\aipilot_teamname\aipilot\debug\createandrelease.obj
d:\files\git\项目经历\战斗机\1012\aipilot_teamname\aipilot_teamname\aipilot\debug\flightstrategyclass.obj
c:\users\22520\desktop\天行杯文件\1012\1012\aipilot_teamname\aipilot_teamname\aipilot\debug\aipilot_teamname.ilk
c:\users\22520\desktop\天行杯文件\1012\1012\aipilot_teamname\aipilot_teamname\aipilot\debug\aipilot_teamname.dll
c:\users\22520\desktop\天行杯文件\1012\1012\aipilot_teamname\aipilot_teamname\aipilot\debug\aipilot_teamname.pdb
d:\files\git\项目经历\战斗机\1012\aipilot_teamname\aipilot_teamname\aipilot\debug\aipilot_teamname.dll
d:\files\git\项目经历\战斗机\1012\aipilot_teamname\aipilot_teamname\aipilot\debug\aipilot_teamname.ilk
d:\files\git\项目经历\战斗机\1012\aipilot_teamname\aipilot_teamname\aipilot\debug\aipilot_teamname.pdb
d:\files\git\项目经历\战斗机\1012\aipilot_teamname\aipilot_teamname\aipilot\debug\vc142.idb
d:\files\git\项目经历\战斗机\1012\aipilot_teamname\aipilot_teamname\aipilot\debug\vc142.pdb
d:\files\git\项目经历\战斗机\1012\aipilot_teamname\aipilot_teamname\aipilot\.\debug\aipilot_teamname.dll
d:\files\git\项目经历\战斗机\1012\aipilot_teamname\aipilot_teamname\aipilot\debug\aipilot_teamname.tlog\aipilot_teamname.write.1u.tlog
d:\files\git\项目经历\战斗机\1012\aipilot_teamname\aipilot_teamname\aipilot\debug\aipilot_teamname.tlog\cl.command.1.tlog
d:\files\git\项目经历\战斗机\1012\aipilot_teamname\aipilot_teamname\aipilot\debug\aipilot_teamname.tlog\cl.read.1.tlog
d:\files\git\项目经历\战斗机\1012\aipilot_teamname\aipilot_teamname\aipilot\debug\aipilot_teamname.tlog\cl.write.1.tlog
d:\files\git\项目经历\战斗机\1012\aipilot_teamname\aipilot_teamname\aipilot\debug\aipilot_teamname.tlog\link.command.1.tlog
d:\files\git\项目经历\战斗机\1012\aipilot_teamname\aipilot_teamname\aipilot\debug\aipilot_teamname.tlog\link.read.1.tlog
d:\files\git\项目经历\战斗机\1012\aipilot_teamname\aipilot_teamname\aipilot\debug\aipilot_teamname.tlog\link.write.1.tlog
